writeCommonTags: couldn't write 'track' tag to 'ILoveMakonnen/Tuesday (feat. Drake) [Single] (2014)/01 Tuesday (feat. Drake).m4a' as it's not a positive integer
writeCommonTags: couldn't write 'track' tag to 'NEON GENESIS EVANGELION OST COLLECTION/NEON GENESIS EVANGELION I (1995)/01 A Cruel Angel's Thesis (Director's Edit Version).m4a' as it's not a positive integer
writeCommonTags: couldn't write 'track' tag to 'NEON GENESIS EVANGELION OST COLLECTION/NEON GENESIS EVANGELION I (1995)/02 Fly Me To The Moon.m4a' as it's not a positive integer
writeCommonTags: couldn't write 'track' tag to 'NEON GENESIS EVANGELION OST COLLECTION/NEON GENESIS EVANGELION I (1995)/03 Angel Attack.m4a' as it's not a positive integer
writeCommonTags: couldn't write 'track' tag to 'NEON GENESIS EVANGELION OST COLLECTION/NEON GENESIS EVANGELION I (1995)/04 Rei I.m4a' as it's not a positive integer
writeCommonTags: couldn't write 'track' tag to 'NEON GENESIS EVANGELION OST COLLECTION/NEON GENESIS EVANGELION I (1995)/05 Hedgehog's Dilemma.m4a' as it's not a positive integer
writeCommonTags: couldn't write 'track' tag to 'NEON GENESIS EVANGELION OST COLLECTION/NEON GENESIS EVANGELION I (1995)/06 Barefoot In The Park.m4a' as it's not a positive integer
writeCommonTags: couldn't write 'track' tag to 'NEON GENESIS EVANGELION OST COLLECTION/NEON GENESIS EVANGELION I (1995)/07 Ritsuko.m4a' as it's not a positive integer
writeCommonTags: couldn't write 'track' tag to 'NEON GENESIS EVANGELION OST COLLECTION/NEON GENESIS EVANGELION I (1995)/08 Misato.m4a' as it's not a positive integer
writeCommonTags: couldn't write 'track' tag to 'NEON GENESIS EVANGELION OST COLLECTION/NEON GENESIS EVANGELION I (1995)/09 Asuka Strikes!.m4a' as it's not a positive integer
writeCommonTags: couldn't write 'track' tag to 'NEON GENESIS EVANGELION OST COLLECTION/NEON GENESIS EVANGELION I (1995)/10 Nerv.m4a' as it's not a positive integer
writeCommonTags: couldn't write 'track' tag to 'NEON GENESIS EVANGELION OST COLLECTION/NEON GENESIS EVANGELION I (1995)/11 Tokyo-3.m4a' as it's not a positive integer
writeCommonTags: couldn't write 'track' tag to 'NEON GENESIS EVANGELION OST COLLECTION/NEON GENESIS EVANGELION I (1995)/12 I.Shinji.m4a' as it's not a positive integer
writeCommonTags: couldn't write 'track' tag to 'NEON GENESIS EVANGELION OST COLLECTION/NEON GENESIS EVANGELION I (1995)/13 Eva-01.m4a' as it's not a positive integer
writeCommonTags: couldn't write 'track' tag to 'NEON GENESIS EVANGELION OST COLLECTION/NEON GENESIS EVANGELION I (1995)/14 A Step Forward Into Terror.m4a' as it's not a positive integer
writeCommonTags: couldn't write 'track' tag to 'NEON GENESIS EVANGELION OST COLLECTION/NEON GENESIS EVANGELION I (1995)/15 Eva-02.m4a' as it's not a positive integer
writeCommonTags: couldn't write 'track' tag to 'NEON GENESIS EVANGELION OST COLLECTION/NEON GENESIS EVANGELION I (1995)/16 Decisive Battle.m4a' as it's not a positive integer
writeCommonTags: couldn't write 'track' tag to 'NEON GENESIS EVANGELION OST COLLECTION/NEON GENESIS EVANGELION I (1995)/17 Eva-00.m4a' as it's not a positive integer
writeCommonTags: couldn't write 'track' tag to 'NEON GENESIS EVANGELION OST COLLECTION/NEON GENESIS EVANGELION I (1995)/18 The Beast.m4a' as it's not a positive integer
writeCommonTags: couldn't write 'track' tag to 'NEON GENESIS EVANGELION OST COLLECTION/NEON GENESIS EVANGELION I (1995)/19 Marking Time, Waitng For Death.m4a' as it's not a positive integer
writeCommonTags: couldn't write 'track' tag to 'NEON GENESIS EVANGELION OST COLLECTION/NEON GENESIS EVANGELION I (1995)/20 Rei Ⅱ.m4a' as it's not a positive integer
writeCommonTags: couldn't write 'track' tag to 'NEON GENESIS EVANGELION OST COLLECTION/NEON GENESIS EVANGELION I (1995)/21 Fly Me To The Moon (Off Vocal Version).m4a' as it's not a positive integer
writeCommonTags: couldn't write 'track' tag to 'NEON GENESIS EVANGELION OST COLLECTION/NEON GENESIS EVANGELION I (1995)/22 Next Episode (30 Second Version).m4a' as it's not a positive integer
writeCommonTags: couldn't write 'track' tag to 'NEON GENESIS EVANGELION OST COLLECTION/NEON GENESIS EVANGELION I (1995)/23 FLY ME TO THE MOON (YOKO TAKAHASHI ACID BOSSA).m4a' as it's not a positive integer
writeCommonTags: couldn't write 'track' tag to 'NEON GENESIS EVANGELION OST COLLECTION/NEON GENESIS EVANGELION I (1995)/01 A Cruel Angel's Thesis (Director's Edit Version).m4a' as it's not a positive integer
writeCommonTags: couldn't write 'track' tag to 'NEON GENESIS EVANGELION OST COLLECTION/NEON GENESIS EVANGELION I (1995)/02 Fly Me To The Moon.m4a' as it's not a positive integer
writeCommonTags: couldn't write 'track' tag to 'NEON GENESIS EVANGELION OST COLLECTION/NEON GENESIS EVANGELION I (1995)/03 Angel Attack.m4a' as it's not a positive integer
writeCommonTags: couldn't write 'track' tag to 'NEON GENESIS EVANGELION OST COLLECTION/NEON GENESIS EVANGELION I (1995)/04 Rei I.m4a' as it's not a positive integer
writeCommonTags: couldn't write 'track' tag to 'NEON GENESIS EVANGELION OST COLLECTION/NEON GENESIS EVANGELION I (1995)/05 Hedgehog's Dilemma.m4a' as it's not a positive integer
writeCommonTags: couldn't write 'track' tag to 'NEON GENESIS EVANGELION OST COLLECTION/NEON GENESIS EVANGELION I (1995)/06 Barefoot In The Park.m4a' as it's not a positive integer
writeCommonTags: couldn't write 'track' tag to 'NEON GENESIS EVANGELION OST COLLECTION/NEON GENESIS EVANGELION I (1995)/07 Ritsuko.m4a' as it's not a positive integer
writeCommonTags: couldn't write 'track' tag to 'NEON GENESIS EVANGELION OST COLLECTION/NEON GENESIS EVANGELION I (1995)/08 Misato.m4a' as it's not a positive integer
writeCommonTags: couldn't write 'track' tag to 'NEON GENESIS EVANGELION OST COLLECTION/NEON GENESIS EVANGELION I (1995)/09 Asuka Strikes!.m4a' as it's not a positive integer
writeCommonTags: couldn't write 'track' tag to 'NEON GENESIS EVANGELION OST COLLECTION/NEON GENESIS EVANGELION I (1995)/10 Nerv.m4a' as it's not a positive integer
writeCommonTags: couldn't write 'track' tag to 'NEON GENESIS EVANGELION OST COLLECTION/NEON GENESIS EVANGELION I (1995)/11 Tokyo-3.m4a' as it's not a positive integer
writeCommonTags: couldn't write 'track' tag to 'NEON GENESIS EVANGELION OST COLLECTION/NEON GENESIS EVANGELION I (1995)/12 I.Shinji.m4a' as it's not a positive integer
writeCommonTags: couldn't write 'track' tag to 'NEON GENESIS EVANGELION OST COLLECTION/NEON GENESIS EVANGELION I (1995)/13 Eva-01.m4a' as it's not a positive integer
writeCommonTags: couldn't write 'track' tag to 'NEON GENESIS EVANGELION OST COLLECTION/NEON GENESIS EVANGELION I (1995)/14 A Step Forward Into Terror.m4a' as it's not a positive integer
writeCommonTags: couldn't write 'track' tag to 'NEON GENESIS EVANGELION OST COLLECTION/NEON GENESIS EVANGELION I (1995)/15 Eva-02.m4a' as it's not a positive integer
writeCommonTags: couldn't write 'track' tag to 'NEON GENESIS EVANGELION OST COLLECTION/NEON GENESIS EVANGELION I (1995)/16 Decisive Battle.m4a' as it's not a positive integer
writeCommonTags: couldn't write 'track' tag to 'NEON GENESIS EVANGELION OST COLLECTION/NEON GENESIS EVANGELION I (1995)/17 Eva-00.m4a' as it's not a positive integer
writeCommonTags: couldn't write 'track' tag to 'NEON GENESIS EVANGELION OST COLLECTION/NEON GENESIS EVANGELION I (1995)/18 The Beast.m4a' as it's not a positive integer
writeCommonTags: couldn't write 'track' tag to 'NEON GENESIS EVANGELION OST COLLECTION/NEON GENESIS EVANGELION I (1995)/20 Rei Ⅱ.m4a' as it's not a positive integer
writeCommonTags: couldn't write 'track' tag to 'NEON GENESIS EVANGELION OST COLLECTION/NEON GENESIS EVANGELION I (1995)/21 Fly Me To The Moon (Off Vocal Version).m4a' as it's not a positive integer
writeCommonTags: couldn't write 'track' tag to 'NEON GENESIS EVANGELION OST COLLECTION/NEON GENESIS EVANGELION I (1995)/22 Next Episode (30 Second Version).m4a' as it's not a positive integer
writeCommonTags: couldn't write 'track' tag to 'NEON GENESIS EVANGELION OST COLLECTION/NEON GENESIS EVANGELION I (1995)/23 FLY ME TO THE MOON (YOKO TAKAHASHI ACID BOSSA).m4a' as it's not a positive integer
writeCommonTags: couldn't write 'track' tag to 'NEON GENESIS EVANGELION OST COLLECTION/NEON GENESIS EVANGELION I (1995)/01 A Cruel Angel's Thesis (Director's Edit Version).m4a' as it's not a positive integer
writeCommonTags: couldn't write 'track' tag to 'NEON GENESIS EVANGELION OST COLLECTION/NEON GENESIS EVANGELION I (1995)/02 Fly Me To The Moon.m4a' as it's not a positive integer
writeCommonTags: couldn't write 'track' tag to 'NEON GENESIS EVANGELION OST COLLECTION/NEON GENESIS EVANGELION I (1995)/03 Angel Attack.m4a' as it's not a positive integer
writeCommonTags: couldn't write 'track' tag to 'NEON GENESIS EVANGELION OST COLLECTION/NEON GENESIS EVANGELION I (1995)/04 Rei I.m4a' as it's not a positive integer
writeCommonTags: couldn't write 'track' tag to 'NEON GENESIS EVANGELION OST COLLECTION/NEON GENESIS EVANGELION I (1995)/05 Hedgehog's Dilemma.m4a' as it's not a positive integer
writeCommonTags: couldn't write 'track' tag to 'NEON GENESIS EVANGELION OST COLLECTION/NEON GENESIS EVANGELION I (1995)/06 Barefoot In The Park.m4a' as it's not a positive integer
writeCommonTags: couldn't write 'track' tag to 'NEON GENESIS EVANGELION OST COLLECTION/NEON GENESIS EVANGELION I (1995)/07 Ritsuko.m4a' as it's not a positive integer
writeCommonTags: couldn't write 'track' tag to 'NEON GENESIS EVANGELION OST COLLECTION/NEON GENESIS EVANGELION I (1995)/08 Misato.m4a' as it's not a positive integer
writeCommonTags: couldn't write 'track' tag to 'NEON GENESIS EVANGELION OST COLLECTION/NEON GENESIS EVANGELION I (1995)/09 Asuka Strikes!.m4a' as it's not a positive integer
writeCommonTags: couldn't write 'track' tag to 'NEON GENESIS EVANGELION OST COLLECTION/NEON GENESIS EVANGELION I (1995)/10 Nerv.m4a' as it's not a positive integer
writeCommonTags: couldn't write 'track' tag to 'NEON GENESIS EVANGELION OST COLLECTION/NEON GENESIS EVANGELION I (1995)/11 Tokyo-3.m4a' as it's not a positive integer
writeCommonTags: couldn't write 'track' tag to 'NEON GENESIS EVANGELION OST COLLECTION/NEON GENESIS EVANGELION I (1995)/12 I.Shinji.m4a' as it's not a positive integer
writeCommonTags: couldn't write 'track' tag to 'NEON GENESIS EVANGELION OST COLLECTION/NEON GENESIS EVANGELION I (1995)/13 Eva-01.m4a' as it's not a positive integer
writeCommonTags: couldn't write 'track' tag to 'NEON GENESIS EVANGELION OST COLLECTION/NEON GENESIS EVANGELION I (1995)/14 A Step Forward Into Terror.m4a' as it's not a positive integer
writeCommonTags: couldn't write 'track' tag to 'NEON GENESIS EVANGELION OST COLLECTION/NEON GENESIS EVANGELION I (1995)/15 Eva-02.m4a' as it's not a positive integer
writeCommonTags: couldn't write 'track' tag to 'NEON GENESIS EVANGELION OST COLLECTION/NEON GENESIS EVANGELION I (1995)/16 Decisive Battle.m4a' as it's not a positive integer
writeCommonTags: couldn't write 'track' tag to 'NEON GENESIS EVANGELION OST COLLECTION/NEON GENESIS EVANGELION I (1995)/17 Eva-00.m4a' as it's not a positive integer
writeCommonTags: couldn't write 'track' tag to 'NEON GENESIS EVANGELION OST COLLECTION/NEON GENESIS EVANGELION I (1995)/18 The Beast.m4a' as it's not a positive integer
writeCommonTags: couldn't write 'track' tag to 'NEON GENESIS EVANGELION OST COLLECTION/NEON GENESIS EVANGELION I (1995)/19 Marking Time, Waitng For Death.m4a' as it's not a positive integer
writeCommonTags: couldn't write 'track' tag to 'NEON GENESIS EVANGELION OST COLLECTION/NEON GENESIS EVANGELION I (1995)/20 Rei Ⅱ.m4a' as it's not a positive integer
writeCommonTags: couldn't write 'track' tag to 'NEON GENESIS EVANGELION OST COLLECTION/NEON GENESIS EVANGELION I (1995)/21 Fly Me To The Moon (Off Vocal Version).m4a' as it's not a positive integer
writeCommonTags: couldn't write 'track' tag to 'NEON GENESIS EVANGELION OST COLLECTION/NEON GENESIS EVANGELION I (1995)/22 Next Episode (30 Second Version).m4a' as it's not a positive integer
writeCommonTags: couldn't write 'track' tag to 'NEON GENESIS EVANGELION OST COLLECTION/NEON GENESIS EVANGELION I (1995)/23 FLY ME TO THE MOON (YOKO TAKAHASHI ACID BOSSA).m4a' as it's not a positive integer
writeCommonTags: couldn't write 'track' tag to 'NEON GENESIS EVANGELION OST COLLECTION/NEON GENESIS EVANGELION I (1995)/01 A Cruel Angel's Thesis (Director's Edit Version).m4a' as it's not a positive integer
writeCommonTags: couldn't write 'track' tag to 'NEON GENESIS EVANGELION OST COLLECTION/NEON GENESIS EVANGELION I (1995)/02 Fly Me To The Moon.m4a' as it's not a positive integer
writeCommonTags: couldn't write 'track' tag to 'NEON GENESIS EVANGELION OST COLLECTION/NEON GENESIS EVANGELION I (1995)/03 Angel Attack.m4a' as it's not a positive integer
writeCommonTags: couldn't write 'track' tag to 'NEON GENESIS EVANGELION OST COLLECTION/NEON GENESIS EVANGELION I (1995)/04 Rei I.m4a' as it's not a positive integer
writeCommonTags: couldn't write 'track' tag to 'NEON GENESIS EVANGELION OST COLLECTION/NEON GENESIS EVANGELION I (1995)/05 Hedgehog's Dilemma.m4a' as it's not a positive integer
writeCommonTags: couldn't write 'track' tag to 'NEON GENESIS EVANGELION OST COLLECTION/NEON GENESIS EVANGELION I (1995)/06 Barefoot In The Park.m4a' as it's not a positive integer
writeCommonTags: couldn't write 'track' tag to 'NEON GENESIS EVANGELION OST COLLECTION/NEON GENESIS EVANGELION I (1995)/07 Ritsuko.m4a' as it's not a positive integer
writeCommonTags: couldn't write 'track' tag to 'NEON GENESIS EVANGELION OST COLLECTION/NEON GENESIS EVANGELION I (1995)/08 Misato.m4a' as it's not a positive integer
writeCommonTags: couldn't write 'track' tag to 'NEON GENESIS EVANGELION OST COLLECTION/NEON GENESIS EVANGELION I (1995)/09 Asuka Strikes!.m4a' as it's not a positive integer
writeCommonTags: couldn't write 'track' tag to 'NEON GENESIS EVANGELION OST COLLECTION/NEON GENESIS EVANGELION I (1995)/10 Nerv.m4a' as it's not a positive integer
writeCommonTags: couldn't write 'track' tag to 'NEON GENESIS EVANGELION OST COLLECTION/NEON GENESIS EVANGELION I (1995)/11 Tokyo-3.m4a' as it's not a positive integer
writeCommonTags: couldn't write 'track' tag to 'NEON GENESIS EVANGELION OST COLLECTION/NEON GENESIS EVANGELION I (1995)/12 I.Shinji.m4a' as it's not a positive integer
writeCommonTags: couldn't write 'track' tag to 'NEON GENESIS EVANGELION OST COLLECTION/NEON GENESIS EVANGELION I (1995)/13 Eva-01.m4a' as it's not a positive integer
writeCommonTags: couldn't write 'track' tag to 'NEON GENESIS EVANGELION OST COLLECTION/NEON GENESIS EVANGELION I (1995)/14 A Step Forward Into Terror.m4a' as it's not a positive integer
writeCommonTags: couldn't write 'track' tag to 'NEON GENESIS EVANGELION OST COLLECTION/NEON GENESIS EVANGELION I (1995)/15 Eva-02.m4a' as it's not a positive integer
writeCommonTags: couldn't write 'track' tag to 'NEON GENESIS EVANGELION OST COLLECTION/NEON GENESIS EVANGELION I (1995)/16 Decisive Battle.m4a' as it's not a positive integer
writeCommonTags: couldn't write 'track' tag to 'NEON GENESIS EVANGELION OST COLLECTION/NEON GENESIS EVANGELION I (1995)/17 Eva-00.m4a' as it's not a positive integer
writeCommonTags: couldn't write 'track' tag to 'NEON GENESIS EVANGELION OST COLLECTION/NEON GENESIS EVANGELION I (1995)/18 The Beast.m4a' as it's not a positive integer
writeCommonTags: couldn't write 'track' tag to 'NEON GENESIS EVANGELION OST COLLECTION/NEON GENESIS EVANGELION I (1995)/20 Rei Ⅱ.m4a' as it's not a positive integer
writeCommonTags: couldn't write 'track' tag to 'NEON GENESIS EVANGELION OST COLLECTION/NEON GENESIS EVANGELION I (1995)/21 Fly Me To The Moon (Off Vocal Version).m4a' as it's not a positive integer
writeCommonTags: couldn't write 'track' tag to 'NEON GENESIS EVANGELION OST COLLECTION/NEON GENESIS EVANGELION I (1995)/22 Next Episode (30 Second Version).m4a' as it's not a positive integer
writeCommonTags: couldn't write 'track' tag to 'NEON GENESIS EVANGELION OST COLLECTION/NEON GENESIS EVANGELION I (1995)/23 FLY ME TO THE MOON (YOKO TAKAHASHI ACID BOSSA).m4a' as it's not a positive integer
